<?xml version="1.0" encoding="UTF-8"?>
<!-- Generated by org.testng.reporters.JUnitReportReporter -->
<testsuite skipped="0" hostname="QAP" name="p1.C1" tests="1" failures="0" timestamp="29 Nov 2017 09:48:55 GMT" time="19.422" errors="0">
  <testcase name="haha" time="19.422" classname="p1.C1"/>
</testsuite> <!-- p1.C1 -->
